<?xml version="1.0" encoding="UTF-8"?>
<!-- Generated by org.testng.reporters.JUnitXMLReporter -->
<testsuite ignored="0" hostname="Karun" failures="1" tests="2" name="ErrorValidation Test" time="46.685" errors="0" timestamp="2024-10-28T12:34:21 IST">
  <testcase classname="Website.E_commerce.ErrorValidation" name="LoginValidation" time="0.606">
    <failure type="java.lang.AssertionError" message="expected [Incorrect email or password.] but found [Incorrect email and password.]">
      <![CDATA[java.lang.AssertionError: expected [Incorrect email or password.] but found [Incorrect email and password.]
at Website.E_commerce.ErrorValidation.LoginValidation(ErrorValidation.java:32)
at java.base/java.util.ArrayList.forEach(ArrayList.java:1511)
at java.base/java.util.concurrent.FutureTask.run(FutureTask.java:264)
at java.base/java.util.concurrent.ThreadPoolExecutor.runWorker(ThreadPoolExecutor.java:1136)
at java.base/java.util.concurrent.ThreadPoolExecutor$Worker.run(ThreadPoolExecutor.java:635)
at java.base/java.lang.Thread.run(Thread.java:840)
... Removed 23 stack frames]]>
    </failure>
  </testcase> <!-- LoginValidation -->
  <testcase classname="Website.E_commerce.ErrorValidation" name="ProductValidation" time="23.623"/>
</testsuite> <!-- ErrorValidation Test -->
